0 info it worked if it ends with ok
1 verbose cli [ '/usr/bin/nodejs', '/usr/bin/npm', 'install', 'requirejs' ]
2 info using npm@1.3.10
3 info using node@v0.10.25
4 verbose readDependencies using package.json deps
5 verbose cache add [ 'requirejs', null ]
6 verbose cache add name=undefined spec="requirejs" args=["requirejs",null]
7 verbose parsed url { protocol: null,
7 verbose parsed url   slashes: null,
7 verbose parsed url   auth: null,
7 verbose parsed url   host: null,
7 verbose parsed url   port: null,
7 verbose parsed url   hostname: null,
7 verbose parsed url   hash: null,
7 verbose parsed url   search: null,
7 verbose parsed url   query: null,
7 verbose parsed url   pathname: 'requirejs',
7 verbose parsed url   path: 'requirejs',
7 verbose parsed url   href: 'requirejs' }
8 silly lockFile f2b16c35-requirejs requirejs
9 verbose lock requirejs /home/oopsyscoops/.npm/f2b16c35-requirejs.lock
10 silly lockFile f2b16c35-requirejs requirejs
11 silly lockFile f2b16c35-requirejs requirejs
12 verbose addNamed [ 'requirejs', '' ]
13 verbose addNamed [ null, '*' ]
14 silly lockFile e9b02655-requirejs requirejs@
15 verbose lock requirejs@ /home/oopsyscoops/.npm/e9b02655-requirejs.lock
16 silly addNameRange { name: 'requirejs', range: '*', hasData: false }
17 verbose url raw requirejs
18 verbose url resolving [ 'https://registry.npmjs.org/', './requirejs' ]
19 verbose url resolved https://registry.npmjs.org/requirejs
20 info trying registry request attempt 1 at 10:24:02
21 verbose etag "ANEYZ8CMJ58040C5V6Y5KSVSJ"
22 http GET https://registry.npmjs.org/requirejs
23 http 304 https://registry.npmjs.org/requirejs
24 silly registry.get cb [ 304,
24 silly registry.get   { date: 'Mon, 15 Jun 2015 14:24:07 GMT',
24 silly registry.get     via: '1.1 varnish',
24 silly registry.get     'cache-control': 'max-age=60',
24 silly registry.get     etag: '"ANEYZ8CMJ58040C5V6Y5KSVSJ"',
24 silly registry.get     age: '0',
24 silly registry.get     connection: 'keep-alive',
24 silly registry.get     'x-served-by': 'cache-ord1733-ORD',
24 silly registry.get     'x-cache': 'HIT',
24 silly registry.get     'x-cache-hits': '1',
24 silly registry.get     'x-timer': 'S1434378247.623913,VS0,VE0',
24 silly registry.get     vary: 'Accept' } ]
25 verbose etag requirejs from cache
26 silly addNameRange number 2 { name: 'requirejs', range: '*', hasData: true }
27 silly addNameRange versions [ 'requirejs',
27 silly addNameRange   [ '0.26.0',
27 silly addNameRange     '0.27.0',
27 silly addNameRange     '0.27.1',
27 silly addNameRange     '1.0.0',
27 silly addNameRange     '1.0.1',
27 silly addNameRange     '1.0.2',
27 silly addNameRange     '1.0.3',
27 silly addNameRange     '1.0.4',
27 silly addNameRange     '1.0.5',
27 silly addNameRange     '1.0.6',
27 silly addNameRange     '1.0.7',
27 silly addNameRange     '1.0.8',
27 silly addNameRange     '2.0.0',
27 silly addNameRange     '2.0.1',
27 silly addNameRange     '2.0.2',
27 silly addNameRange     '2.0.3',
27 silly addNameRange     '2.0.4',
27 silly addNameRange     '2.0.5',
27 silly addNameRange     '2.0.6',
27 silly addNameRange     '2.1.0',
27 silly addNameRange     '2.1.1',
27 silly addNameRange     '2.1.2',
27 silly addNameRange     '2.1.3',
27 silly addNameRange     '2.1.4',
27 silly addNameRange     '2.1.5',
27 silly addNameRange     '2.1.6',
27 silly addNameRange     '2.1.7',
27 silly addNameRange     '2.1.8',
27 silly addNameRange     '2.1.9',
27 silly addNameRange     '2.1.10',
27 silly addNameRange     '2.1.11',
27 silly addNameRange     '2.1.12',
27 silly addNameRange     '2.1.13',
27 silly addNameRange     '2.1.14',
27 silly addNameRange     '2.1.15',
27 silly addNameRange     '2.1.16',
27 silly addNameRange     '2.1.17',
27 silly addNameRange     '2.1.18' ] ]
28 verbose addNamed [ 'requirejs', '2.1.18' ]
29 verbose addNamed [ '2.1.18', '2.1.18' ]
30 silly lockFile 4313c4d7-requirejs-2-1-18 requirejs@2.1.18
31 verbose lock requirejs@2.1.18 /home/oopsyscoops/.npm/4313c4d7-requirejs-2-1-18.lock
32 silly lockFile 4313c4d7-requirejs-2-1-18 requirejs@2.1.18
33 silly lockFile 4313c4d7-requirejs-2-1-18 requirejs@2.1.18
34 silly lockFile e9b02655-requirejs requirejs@
35 silly lockFile e9b02655-requirejs requirejs@
36 silly resolved [ { name: 'requirejs',
36 silly resolved     description: 'Node adapter for RequireJS, for loading AMD modules. Includes RequireJS optimizer',
36 silly resolved     version: '2.1.18',
36 silly resolved     homepage: 'http://github.com/jrburke/r.js',
36 silly resolved     author:
36 silly resolved      { name: 'James Burke',
36 silly resolved        email: 'jrburke@gmail.com',
36 silly resolved        url: 'http://github.com/jrburke' },
36 silly resolved     licenses: [ [Object], [Object] ],
36 silly resolved     repository: { type: 'git', url: 'https://github.com/jrburke/r.js.git' },
36 silly resolved     main: './bin/r.js',
36 silly resolved     bin: { 'r.js': './bin/r.js' },
36 silly resolved     engines: { node: '>=0.4.0' },
36 silly resolved     readme: '# requirejs\n\nRequireJS for use in Node. includes:\n\n* r.js: the RequireJS optimizer, and AMD runtime for use in Node.\n* require.js: The browser-based AMD loader.\n\nMore information at http://requirejs.org\n\n',
36 silly resolved     readmeFilename: 'README.md',
36 silly resolved     bugs: { url: 'https://github.com/jrburke/r.js/issues' },
36 silly resolved     _id: 'requirejs@2.1.18',
36 silly resolved     _from: 'requirejs@' } ]
37 info install requirejs@2.1.18 into /home/oopsyscoops/Desktop/Project Mango/Dev_Environment
38 info installOne requirejs@2.1.18
39 info /home/oopsyscoops/Desktop/Project Mango/Dev_Environment/node_modules/requirejs unbuild
40 verbose tar unpack /home/oopsyscoops/.npm/requirejs/2.1.18/package.tgz
41 silly lockFile 9e9f2ec1-vironment-node-modules-requirejs tar:///home/oopsyscoops/Desktop/Project Mango/Dev_Environment/node_modules/requirejs
42 verbose lock tar:///home/oopsyscoops/Desktop/Project Mango/Dev_Environment/node_modules/requirejs /home/oopsyscoops/.npm/9e9f2ec1-vironment-node-modules-requirejs.lock
43 silly lockFile 0c5891c3-npm-requirejs-2-1-18-package-tgz tar:///home/oopsyscoops/.npm/requirejs/2.1.18/package.tgz
44 verbose lock tar:///home/oopsyscoops/.npm/requirejs/2.1.18/package.tgz /home/oopsyscoops/.npm/0c5891c3-npm-requirejs-2-1-18-package-tgz.lock
45 silly gunzTarPerm modes [ '755', '644' ]
46 silly gunzTarPerm extractEntry package.json
47 silly gunzTarPerm extractEntry README.md
48 silly gunzTarPerm extractEntry require.js
49 silly gunzTarPerm extractEntry bin/r.js
50 silly lockFile 9e9f2ec1-vironment-node-modules-requirejs tar:///home/oopsyscoops/Desktop/Project Mango/Dev_Environment/node_modules/requirejs
51 silly lockFile 9e9f2ec1-vironment-node-modules-requirejs tar:///home/oopsyscoops/Desktop/Project Mango/Dev_Environment/node_modules/requirejs
52 silly lockFile 0c5891c3-npm-requirejs-2-1-18-package-tgz tar:///home/oopsyscoops/.npm/requirejs/2.1.18/package.tgz
53 silly lockFile 0c5891c3-npm-requirejs-2-1-18-package-tgz tar:///home/oopsyscoops/.npm/requirejs/2.1.18/package.tgz
54 info preinstall requirejs@2.1.18
55 verbose readDependencies using package.json deps
56 verbose readDependencies using package.json deps
57 silly resolved []
58 verbose about to build /home/oopsyscoops/Desktop/Project Mango/Dev_Environment/node_modules/requirejs
59 info build /home/oopsyscoops/Desktop/Project Mango/Dev_Environment/node_modules/requirejs
60 verbose linkStuff [ false,
60 verbose linkStuff   false,
60 verbose linkStuff   false,
60 verbose linkStuff   '/home/oopsyscoops/Desktop/Project Mango/Dev_Environment/node_modules' ]
61 info linkStuff requirejs@2.1.18
62 verbose linkBins requirejs@2.1.18
63 verbose link bins [ { 'r.js': './bin/r.js' },
63 verbose link bins   '/home/oopsyscoops/Desktop/Project Mango/Dev_Environment/node_modules/.bin',
63 verbose link bins   false ]
64 verbose linkMans requirejs@2.1.18
65 verbose rebuildBundles requirejs@2.1.18
66 info /home/oopsyscoops/Desktop/Project Mango/Dev_Environment/node_modules/requirejs unbuild
67 info preuninstall requirejs@2.1.18
68 info uninstall requirejs@2.1.18
69 verbose true,/home/oopsyscoops/Desktop/Project Mango/Dev_Environment/node_modules,/home/oopsyscoops/Desktop/Project Mango/Dev_Environment/node_modules unbuild requirejs@2.1.18
70 verbose /home/oopsyscoops/Desktop/Project Mango/Dev_Environment/node_modules/.bin,[object Object] binRoot
71 info postuninstall requirejs@2.1.18
72 error Error: EACCES, symlink '../requirejs/bin/r.js'
72 error  { [Error: EACCES, symlink '../requirejs/bin/r.js'] errno: 3, code: 'EACCES', path: '../requirejs/bin/r.js' }
73 error Please try running this command again as root/Administrator.
74 error System Linux 3.16.0-38-generic
75 error command "/usr/bin/nodejs" "/usr/bin/npm" "install" "requirejs"
76 error cwd /home/oopsyscoops/Desktop/Project Mango/Dev_Environment
77 error node -v v0.10.25
78 error npm -v 1.3.10
79 error path ../requirejs/bin/r.js
80 error code EACCES
81 error errno 3
82 error stack Error: EACCES, symlink '../requirejs/bin/r.js'
83 verbose exit [ 3, true ]
